
To track the changes with git, run:

	git add data.dvc

To enable auto staging, run:

	dvc config core.autostage true
2 files pushed
Data saved to /mnt/c/Users/Ahmad/Desktop/MLOPS/Project2/course-project-OsamaFahim654/enviromental_monitoring/data/air_quality_2024-12-15_19-00-01.json
Adding /mnt/c/Users/Ahmad/Desktop/MLOPS/Project2/course-project-OsamaFahim654/enviromental_monitoring/data/air_quality_2024-12-15_19-00-01.json to DVC...
File /mnt/c/Users/Ahmad/Desktop/MLOPS/Project2/course-project-OsamaFahim654/enviromental_monitoring/data/air_quality_2024-12-15_19-00-01.json added to DVC.
Pushing changes to DVC remote...
Changes pushed to DVC remote.
Processing /mnt/c/Users/Ahmad/Desktop/MLOPS/Project2/course-project-OsamaFahim654/enviromental_monitoring/data/air_quality_2024-12-13_18-40-10.json
Processing /mnt/c/Users/Ahmad/Desktop/MLOPS/Project2/course-project-OsamaFahim654/enviromental_monitoring/data/air_quality_2024-12-13_21-00-27.json
Processing /mnt/c/Users/Ahmad/Desktop/MLOPS/Project2/course-project-OsamaFahim654/enviromental_monitoring/data/air_quality_2024-12-13_21-19-49.json
Processing /mnt/c/Users/Ahmad/Desktop/MLOPS/Project2/course-project-OsamaFahim654/enviromental_monitoring/data/air_quality_2024-12-13_23-00-11.json
Processing /mnt/c/Users/Ahmad/Desktop/MLOPS/Project2/course-project-OsamaFahim654/enviromental_monitoring/data/air_quality_2024-12-13_23-00-12.json
Processing /mnt/c/Users/Ahmad/Desktop/MLOPS/Project2/course-project-OsamaFahim654/enviromental_monitoring/data/air_quality_2024-12-13_23-00-13.json
Processing /mnt/c/Users/Ahmad/Desktop/MLOPS/Project2/course-project-OsamaFahim654/enviromental_monitoring/data/air_quality_2024-12-13_23-00-14.json
Processing /mnt/c/Users/Ahmad/Desktop/MLOPS/Project2/course-project-OsamaFahim654/enviromental_monitoring/data/air_quality_2024-12-13_23-00-15.json
Processing /mnt/c/Users/Ahmad/Desktop/MLOPS/Project2/course-project-OsamaFahim654/enviromental_monitoring/data/air_quality_2024-12-13_23-00-16.json
Processing /mnt/c/Users/Ahmad/Desktop/MLOPS/Project2/course-project-OsamaFahim654/enviromental_monitoring/data/air_quality_2024-12-13_23-00-17.json
Processing /mnt/c/Users/Ahmad/Desktop/MLOPS/Project2/course-project-OsamaFahim654/enviromental_monitoring/data/air_quality_2024-12-13_23-00-21.json
Processing /mnt/c/Users/Ahmad/Desktop/MLOPS/Project2/course-project-OsamaFahim654/enviromental_monitoring/data/air_quality_2024-12-13_23-00-22.json
Processing /mnt/c/Users/Ahmad/Desktop/MLOPS/Project2/course-project-OsamaFahim654/enviromental_monitoring/data/air_quality_2024-12-13_23-00-23.json
Processing /mnt/c/Users/Ahmad/Desktop/MLOPS/Project2/course-project-OsamaFahim654/enviromental_monitoring/data/air_quality_2024-12-13_23-00-24.json
Processing /mnt/c/Users/Ahmad/Desktop/MLOPS/Project2/course-project-OsamaFahim654/enviromental_monitoring/data/air_quality_2024-12-13_23-00-25.json
Processing /mnt/c/Users/Ahmad/Desktop/MLOPS/Project2/course-project-OsamaFahim654/enviromental_monitoring/data/air_quality_2024-12-13_23-00-26.json
Processing /mnt/c/Users/Ahmad/Desktop/MLOPS/Project2/course-project-OsamaFahim654/enviromental_monitoring/data/air_quality_2024-12-13_23-00-27.json
Processing /mnt/c/Users/Ahmad/Desktop/MLOPS/Project2/course-project-OsamaFahim654/enviromental_monitoring/data/air_quality_2024-12-13_23-00-28.json
Processing /mnt/c/Users/Ahmad/Desktop/MLOPS/Project2/course-project-OsamaFahim654/enviromental_monitoring/data/air_quality_2024-12-13_23-00-29.json
Processing /mnt/c/Users/Ahmad/Desktop/MLOPS/Project2/course-project-OsamaFahim654/enviromental_monitoring/data/air_quality_2024-12-13_23-00-30.json
Processing /mnt/c/Users/Ahmad/Desktop/MLOPS/Project2/course-project-OsamaFahim654/enviromental_monitoring/data/air_quality_2024-12-13_23-00-31.json
Processing /mnt/c/Users/Ahmad/Desktop/MLOPS/Project2/course-project-OsamaFahim654/enviromental_monitoring/data/air_quality_2024-12-13_23-00-32.json
Processing /mnt/c/Users/Ahmad/Desktop/MLOPS/Project2/course-project-OsamaFahim654/enviromental_monitoring/data/air_quality_2024-12-13_23-00-33.json
Processing /mnt/c/Users/Ahmad/Desktop/MLOPS/Project2/course-project-OsamaFahim654/enviromental_monitoring/data/air_quality_2024-12-13_23-00-34.json
Processing /mnt/c/Users/Ahmad/Desktop/MLOPS/Project2/course-project-OsamaFahim654/enviromental_monitoring/data/air_quality_2024-12-13_23-00-35.json
Processing /mnt/c/Users/Ahmad/Desktop/MLOPS/Project2/course-project-OsamaFahim654/enviromental_monitoring/data/air_quality_2024-12-13_23-00-36.json
Processing /mnt/c/Users/Ahmad/Desktop/MLOPS/Project2/course-project-OsamaFahim654/enviromental_monitoring/data/air_quality_2024-12-13_23-00-37.json
Processing /mnt/c/Users/Ahmad/Desktop/MLOPS/Project2/course-project-OsamaFahim654/enviromental_monitoring/data/air_quality_2024-12-13_23-00-38.json
Processing /mnt/c/Users/Ahmad/Desktop/MLOPS/Project2/course-project-OsamaFahim654/enviromental_monitoring/data/air_quality_2024-12-13_23-00-39.json
Processing /mnt/c/Users/Ahmad/Desktop/MLOPS/Project2/course-project-OsamaFahim654/enviromental_monitoring/data/air_quality_2024-12-13_23-00-40.json
Processing /mnt/c/Users/Ahmad/Desktop/MLOPS/Project2/course-project-OsamaFahim654/enviromental_monitoring/data/air_quality_2024-12-13_23-00-41.json
Processing /mnt/c/Users/Ahmad/Desktop/MLOPS/Project2/course-project-OsamaFahim654/enviromental_monitoring/data/air_quality_2024-12-13_23-00-42.json
Processing /mnt/c/Users/Ahmad/Desktop/MLOPS/Project2/course-project-OsamaFahim654/enviromental_monitoring/data/air_quality_2024-12-13_23-00-43.json
Processing /mnt/c/Users/Ahmad/Desktop/MLOPS/Project2/course-project-OsamaFahim654/enviromental_monitoring/data/air_quality_2024-12-13_23-00-44.json
Processing /mnt/c/Users/Ahmad/Desktop/MLOPS/Project2/course-project-OsamaFahim654/enviromental_monitoring/data/air_quality_2024-12-13_23-00-46.json
Processing /mnt/c/Users/Ahmad/Desktop/MLOPS/Project2/course-project-OsamaFahim654/enviromental_monitoring/data/air_quality_2024-12-13_23-00-48.json
Processing /mnt/c/Users/Ahmad/Desktop/MLOPS/Project2/course-project-OsamaFahim654/enviromental_monitoring/data/air_quality_2024-12-13_23-00-49.json
Processing /mnt/c/Users/Ahmad/Desktop/MLOPS/Project2/course-project-OsamaFahim654/enviromental_monitoring/data/air_quality_2024-12-13_23-00-50.json
Processing /mnt/c/Users/Ahmad/Desktop/MLOPS/Project2/course-project-OsamaFahim654/enviromental_monitoring/data/air_quality_2024-12-13_23-00-51.json
Processing /mnt/c/Users/Ahmad/Desktop/MLOPS/Project2/course-project-OsamaFahim654/enviromental_monitoring/data/air_quality_2024-12-13_23-00-52.json
Processing /mnt/c/Users/Ahmad/Desktop/MLOPS/Project2/course-project-OsamaFahim654/enviromental_monitoring/data/air_quality_2024-12-13_23-00-53.json
Processing /mnt/c/Users/Ahmad/Desktop/MLOPS/Project2/course-project-OsamaFahim654/enviromental_monitoring/data/air_quality_2024-12-13_23-00-54.json
Processing /mnt/c/Users/Ahmad/Desktop/MLOPS/Project2/course-project-OsamaFahim654/enviromental_monitoring/data/air_quality_2024-12-13_23-00-55.json
Processing /mnt/c/Users/Ahmad/Desktop/MLOPS/Project2/course-project-OsamaFahim654/enviromental_monitoring/data/air_quality_2024-12-13_23-00-56.json
Processing /mnt/c/Users/Ahmad/Desktop/MLOPS/Project2/course-project-OsamaFahim654/enviromental_monitoring/data/air_quality_2024-12-13_23-00-57.json
Processing /mnt/c/Users/Ahmad/Desktop/MLOPS/Project2/course-project-OsamaFahim654/enviromental_monitoring/data/air_quality_2024-12-13_23-00-58.json
Processing /mnt/c/Users/Ahmad/Desktop/MLOPS/Project2/course-project-OsamaFahim654/enviromental_monitoring/data/air_quality_2024-12-13_23-00-59.json
Processing /mnt/c/Users/Ahmad/Desktop/MLOPS/Project2/course-project-OsamaFahim654/enviromental_monitoring/data/air_quality_2024-12-13_23-01-00.json
Processing /mnt/c/Users/Ahmad/Desktop/MLOPS/Project2/course-project-OsamaFahim654/enviromental_monitoring/data/air_quality_2024-12-13_23-01-02.json
Processing /mnt/c/Users/Ahmad/Desktop/MLOPS/Project2/course-project-OsamaFahim654/enviromental_monitoring/data/air_quality_2024-12-13_23-01-03.json
Processing /mnt/c/Users/Ahmad/Desktop/MLOPS/Project2/course-project-OsamaFahim654/enviromental_monitoring/data/air_quality_2024-12-13_23-01-04.json
Processing /mnt/c/Users/Ahmad/Desktop/MLOPS/Project2/course-project-OsamaFahim654/enviromental_monitoring/data/air_quality_2024-12-13_23-01-05.json
Processing /mnt/c/Users/Ahmad/Desktop/MLOPS/Project2/course-project-OsamaFahim654/enviromental_monitoring/data/air_quality_2024-12-13_23-01-06.json
Processing /mnt/c/Users/Ahmad/Desktop/MLOPS/Project2/course-project-OsamaFahim654/enviromental_monitoring/data/air_quality_2024-12-13_23-01-07.json
Processing /mnt/c/Users/Ahmad/Desktop/MLOPS/Project2/course-project-OsamaFahim654/enviromental_monitoring/data/air_quality_2024-12-13_23-01-08.json
Processing /mnt/c/Users/Ahmad/Desktop/MLOPS/Project2/course-project-OsamaFahim654/enviromental_monitoring/data/air_quality_2024-12-13_23-01-09.json
Processing /mnt/c/Users/Ahmad/Desktop/MLOPS/Project2/course-project-OsamaFahim654/enviromental_monitoring/data/air_quality_2024-12-13_23-01-10.json
Processing /mnt/c/Users/Ahmad/Desktop/MLOPS/Project2/course-project-OsamaFahim654/enviromental_monitoring/data/air_quality_2024-12-13_23-01-11.json
Processing /mnt/c/Users/Ahmad/Desktop/MLOPS/Project2/course-project-OsamaFahim654/enviromental_monitoring/data/air_quality_2024-12-13_23-01-12.json
Processing /mnt/c/Users/Ahmad/Desktop/MLOPS/Project2/course-project-OsamaFahim654/enviromental_monitoring/data/air_quality_2024-12-13_23-01-13.json
Processing /mnt/c/Users/Ahmad/Desktop/MLOPS/Project2/course-project-OsamaFahim654/enviromental_monitoring/data/air_quality_2024-12-13_23-01-14.json
Processing /mnt/c/Users/Ahmad/Desktop/MLOPS/Project2/course-project-OsamaFahim654/enviromental_monitoring/data/air_quality_2024-12-13_23-01-15.json
Processing /mnt/c/Users/Ahmad/Desktop/MLOPS/Project2/course-project-OsamaFahim654/enviromental_monitoring/data/air_quality_2024-12-13_23-01-16.json
Processing /mnt/c/Users/Ahmad/Desktop/MLOPS/Project2/course-project-OsamaFahim654/enviromental_monitoring/data/air_quality_2024-12-13_23-01-18.json
Processing /mnt/c/Users/Ahmad/Desktop/MLOPS/Project2/course-project-OsamaFahim654/enviromental_monitoring/data/air_quality_2024-12-13_23-01-19.json
Processing /mnt/c/Users/Ahmad/Desktop/MLOPS/Project2/course-project-OsamaFahim654/enviromental_monitoring/data/air_quality_2024-12-14_00-30-01.json
Processing /mnt/c/Users/Ahmad/Desktop/MLOPS/Project2/course-project-OsamaFahim654/enviromental_monitoring/data/air_quality_2024-12-14_00-32-02.json
Processing /mnt/c/Users/Ahmad/Desktop/MLOPS/Project2/course-project-OsamaFahim654/enviromental_monitoring/data/air_quality_2024-12-14_00-36-01.json
Processing /mnt/c/Users/Ahmad/Desktop/MLOPS/Project2/course-project-OsamaFahim654/enviromental_monitoring/data/air_quality_2024-12-14_00-40-01.json
Processing /mnt/c/Users/Ahmad/Desktop/MLOPS/Project2/course-project-OsamaFahim654/enviromental_monitoring/data/air_quality_2024-12-14_00-41-01.json
Processing /mnt/c/Users/Ahmad/Desktop/MLOPS/Project2/course-project-OsamaFahim654/enviromental_monitoring/data/air_quality_2024-12-14_00-42-01.json
Processing /mnt/c/Users/Ahmad/Desktop/MLOPS/Project2/course-project-OsamaFahim654/enviromental_monitoring/data/air_quality_2024-12-14_00-44-02.json
Processing /mnt/c/Users/Ahmad/Desktop/MLOPS/Project2/course-project-OsamaFahim654/enviromental_monitoring/data/air_quality_2024-12-14_00-45-00.json
Processing /mnt/c/Users/Ahmad/Desktop/MLOPS/Project2/course-project-OsamaFahim654/enviromental_monitoring/data/air_quality_2024-12-14_01-00-01.json
Processing /mnt/c/Users/Ahmad/Desktop/MLOPS/Project2/course-project-OsamaFahim654/enviromental_monitoring/data/air_quality_2024-12-14_02-00-01.json
Processing /mnt/c/Users/Ahmad/Desktop/MLOPS/Project2/course-project-OsamaFahim654/enviromental_monitoring/data/air_quality_2024-12-14_03-00-02.json
Processing /mnt/c/Users/Ahmad/Desktop/MLOPS/Project2/course-project-OsamaFahim654/enviromental_monitoring/data/air_quality_2024-12-14_04-00-01.json
Processing /mnt/c/Users/Ahmad/Desktop/MLOPS/Project2/course-project-OsamaFahim654/enviromental_monitoring/data/air_quality_2024-12-14_04-59-59.json
Processing /mnt/c/Users/Ahmad/Desktop/MLOPS/Project2/course-project-OsamaFahim654/enviromental_monitoring/data/air_quality_2024-12-14_05-00-02.json
Processing /mnt/c/Users/Ahmad/Desktop/MLOPS/Project2/course-project-OsamaFahim654/enviromental_monitoring/data/air_quality_2024-12-14_06-00-01.json
Processing /mnt/c/Users/Ahmad/Desktop/MLOPS/Project2/course-project-OsamaFahim654/enviromental_monitoring/data/air_quality_2024-12-14_07-00-02.json
Processing /mnt/c/Users/Ahmad/Desktop/MLOPS/Project2/course-project-OsamaFahim654/enviromental_monitoring/data/air_quality_2024-12-14_11-00-02.json
Processing /mnt/c/Users/Ahmad/Desktop/MLOPS/Project2/course-project-OsamaFahim654/enviromental_monitoring/data/air_quality_2024-12-14_12-00-03.json
Processing /mnt/c/Users/Ahmad/Desktop/MLOPS/Project2/course-project-OsamaFahim654/enviromental_monitoring/data/air_quality_2024-12-14_13-00-02.json
Processing /mnt/c/Users/Ahmad/Desktop/MLOPS/Project2/course-project-OsamaFahim654/enviromental_monitoring/data/air_quality_2024-12-14_14-00-02.json
Processing /mnt/c/Users/Ahmad/Desktop/MLOPS/Project2/course-project-OsamaFahim654/enviromental_monitoring/data/air_quality_2024-12-14_16-00-02.json
Processing /mnt/c/Users/Ahmad/Desktop/MLOPS/Project2/course-project-OsamaFahim654/enviromental_monitoring/data/air_quality_2024-12-14_17-00-02.json
Processing /mnt/c/Users/Ahmad/Desktop/MLOPS/Project2/course-project-OsamaFahim654/enviromental_monitoring/data/air_quality_2024-12-14_18-00-02.json
Processing /mnt/c/Users/Ahmad/Desktop/MLOPS/Project2/course-project-OsamaFahim654/enviromental_monitoring/data/air_quality_2024-12-14_22-00-01.json
Processing /mnt/c/Users/Ahmad/Desktop/MLOPS/Project2/course-project-OsamaFahim654/enviromental_monitoring/data/air_quality_2024-12-14_23-00-05.json
Processing /mnt/c/Users/Ahmad/Desktop/MLOPS/Project2/course-project-OsamaFahim654/enviromental_monitoring/data/air_quality_2024-12-15_00-00-01.json
Processing /mnt/c/Users/Ahmad/Desktop/MLOPS/Project2/course-project-OsamaFahim654/enviromental_monitoring/data/air_quality_2024-12-15_09-00-01.json
Processing /mnt/c/Users/Ahmad/Desktop/MLOPS/Project2/course-project-OsamaFahim654/enviromental_monitoring/data/air_quality_2024-12-15_10-00-02.json
Processing /mnt/c/Users/Ahmad/Desktop/MLOPS/Project2/course-project-OsamaFahim654/enviromental_monitoring/data/air_quality_2024-12-15_10-15-01.json
Processing /mnt/c/Users/Ahmad/Desktop/MLOPS/Project2/course-project-OsamaFahim654/enviromental_monitoring/data/air_quality_2024-12-15_10-16-02.json
Processing /mnt/c/Users/Ahmad/Desktop/MLOPS/Project2/course-project-OsamaFahim654/enviromental_monitoring/data/air_quality_2024-12-15_10-17-01.json
Processing /mnt/c/Users/Ahmad/Desktop/MLOPS/Project2/course-project-OsamaFahim654/enviromental_monitoring/data/air_quality_2024-12-15_10-18-02.json
Processing /mnt/c/Users/Ahmad/Desktop/MLOPS/Project2/course-project-OsamaFahim654/enviromental_monitoring/data/air_quality_2024-12-15_10-19-02.json
Processing /mnt/c/Users/Ahmad/Desktop/MLOPS/Project2/course-project-OsamaFahim654/enviromental_monitoring/data/air_quality_2024-12-15_10-20-01.json
Processing /mnt/c/Users/Ahmad/Desktop/MLOPS/Project2/course-project-OsamaFahim654/enviromental_monitoring/data/air_quality_2024-12-15_10-21-01.json
Processing /mnt/c/Users/Ahmad/Desktop/MLOPS/Project2/course-project-OsamaFahim654/enviromental_monitoring/data/air_quality_2024-12-15_10-22-01.json
Processing /mnt/c/Users/Ahmad/Desktop/MLOPS/Project2/course-project-OsamaFahim654/enviromental_monitoring/data/air_quality_2024-12-15_10-23-00.json
Processing /mnt/c/Users/Ahmad/Desktop/MLOPS/Project2/course-project-OsamaFahim654/enviromental_monitoring/data/air_quality_2024-12-15_10-24-00.json
Processing /mnt/c/Users/Ahmad/Desktop/MLOPS/Project2/course-project-OsamaFahim654/enviromental_monitoring/data/air_quality_2024-12-15_10-25-02.json
Processing /mnt/c/Users/Ahmad/Desktop/MLOPS/Project2/course-project-OsamaFahim654/enviromental_monitoring/data/air_quality_2024-12-15_10-26-00.json
Processing /mnt/c/Users/Ahmad/Desktop/MLOPS/Project2/course-project-OsamaFahim654/enviromental_monitoring/data/air_quality_2024-12-15_10-27-01.json
Processing /mnt/c/Users/Ahmad/Desktop/MLOPS/Project2/course-project-OsamaFahim654/enviromental_monitoring/data/air_quality_2024-12-15_10-28-02.json
Processing /mnt/c/Users/Ahmad/Desktop/MLOPS/Project2/course-project-OsamaFahim654/enviromental_monitoring/data/air_quality_2024-12-15_10-29-01.json
Processing /mnt/c/Users/Ahmad/Desktop/MLOPS/Project2/course-project-OsamaFahim654/enviromental_monitoring/data/air_quality_2024-12-15_10-30-01.json
Processing /mnt/c/Users/Ahmad/Desktop/MLOPS/Project2/course-project-OsamaFahim654/enviromental_monitoring/data/air_quality_2024-12-15_10-31-02.json
Processing /mnt/c/Users/Ahmad/Desktop/MLOPS/Project2/course-project-OsamaFahim654/enviromental_monitoring/data/air_quality_2024-12-15_10-32-02.json
Processing /mnt/c/Users/Ahmad/Desktop/MLOPS/Project2/course-project-OsamaFahim654/enviromental_monitoring/data/air_quality_2024-12-15_11-54-45.json
Processing /mnt/c/Users/Ahmad/Desktop/MLOPS/Project2/course-project-OsamaFahim654/enviromental_monitoring/data/air_quality_2024-12-15_11-55-07.json
Processing /mnt/c/Users/Ahmad/Desktop/MLOPS/Project2/course-project-OsamaFahim654/enviromental_monitoring/data/air_quality_2024-12-15_12-01-47.json
Processing /mnt/c/Users/Ahmad/Desktop/MLOPS/Project2/course-project-OsamaFahim654/enviromental_monitoring/data/air_quality_2024-12-15_12-02-52.json
Processing /mnt/c/Users/Ahmad/Desktop/MLOPS/Project2/course-project-OsamaFahim654/enviromental_monitoring/data/air_quality_2024-12-15_12-02-53.json
Processing /mnt/c/Users/Ahmad/Desktop/MLOPS/Project2/course-project-OsamaFahim654/enviromental_monitoring/data/air_quality_2024-12-15_12-02-55.json
Processing /mnt/c/Users/Ahmad/Desktop/MLOPS/Project2/course-project-OsamaFahim654/enviromental_monitoring/data/air_quality_2024-12-15_12-02-56.json
Processing /mnt/c/Users/Ahmad/Desktop/MLOPS/Project2/course-project-OsamaFahim654/enviromental_monitoring/data/air_quality_2024-12-15_12-02-57.json
Processing /mnt/c/Users/Ahmad/Desktop/MLOPS/Project2/course-project-OsamaFahim654/enviromental_monitoring/data/air_quality_2024-12-15_12-02-58.json
Processing /mnt/c/Users/Ahmad/Desktop/MLOPS/Project2/course-project-OsamaFahim654/enviromental_monitoring/data/air_quality_2024-12-15_12-02-59.json
Processing /mnt/c/Users/Ahmad/Desktop/MLOPS/Project2/course-project-OsamaFahim654/enviromental_monitoring/data/air_quality_2024-12-15_12-03-00.json
Processing /mnt/c/Users/Ahmad/Desktop/MLOPS/Project2/course-project-OsamaFahim654/enviromental_monitoring/data/air_quality_2024-12-15_12-03-01.json
Processing /mnt/c/Users/Ahmad/Desktop/MLOPS/Project2/course-project-OsamaFahim654/enviromental_monitoring/data/air_quality_2024-12-15_12-03-03.json
Processing /mnt/c/Users/Ahmad/Desktop/MLOPS/Project2/course-project-OsamaFahim654/enviromental_monitoring/data/air_quality_2024-12-15_12-03-04.json
Processing /mnt/c/Users/Ahmad/Desktop/MLOPS/Project2/course-project-OsamaFahim654/enviromental_monitoring/data/air_quality_2024-12-15_12-03-05.json
Processing /mnt/c/Users/Ahmad/Desktop/MLOPS/Project2/course-project-OsamaFahim654/enviromental_monitoring/data/air_quality_2024-12-15_12-03-06.json
Processing /mnt/c/Users/Ahmad/Desktop/MLOPS/Project2/course-project-OsamaFahim654/enviromental_monitoring/data/air_quality_2024-12-15_12-03-07.json
Processing /mnt/c/Users/Ahmad/Desktop/MLOPS/Project2/course-project-OsamaFahim654/enviromental_monitoring/data/air_quality_2024-12-15_12-03-08.json
Processing /mnt/c/Users/Ahmad/Desktop/MLOPS/Project2/course-project-OsamaFahim654/enviromental_monitoring/data/air_quality_2024-12-15_12-03-10.json
Processing /mnt/c/Users/Ahmad/Desktop/MLOPS/Project2/course-project-OsamaFahim654/enviromental_monitoring/data/air_quality_2024-12-15_12-03-11.json
Processing /mnt/c/Users/Ahmad/Desktop/MLOPS/Project2/course-project-OsamaFahim654/enviromental_monitoring/data/air_quality_2024-12-15_12-03-12.json
Processing /mnt/c/Users/Ahmad/Desktop/MLOPS/Project2/course-project-OsamaFahim654/enviromental_monitoring/data/air_quality_2024-12-15_12-03-13.json
Processing /mnt/c/Users/Ahmad/Desktop/MLOPS/Project2/course-project-OsamaFahim654/enviromental_monitoring/data/air_quality_2024-12-15_12-03-14.json
Processing /mnt/c/Users/Ahmad/Desktop/MLOPS/Project2/course-project-OsamaFahim654/enviromental_monitoring/data/air_quality_2024-12-15_12-03-15.json
Processing /mnt/c/Users/Ahmad/Desktop/MLOPS/Project2/course-project-OsamaFahim654/enviromental_monitoring/data/air_quality_2024-12-15_12-03-17.json
Processing /mnt/c/Users/Ahmad/Desktop/MLOPS/Project2/course-project-OsamaFahim654/enviromental_monitoring/data/air_quality_2024-12-15_12-03-18.json
Processing /mnt/c/Users/Ahmad/Desktop/MLOPS/Project2/course-project-OsamaFahim654/enviromental_monitoring/data/air_quality_2024-12-15_12-03-19.json
Processing /mnt/c/Users/Ahmad/Desktop/MLOPS/Project2/course-project-OsamaFahim654/enviromental_monitoring/data/air_quality_2024-12-15_12-03-20.json
Processing /mnt/c/Users/Ahmad/Desktop/MLOPS/Project2/course-project-OsamaFahim654/enviromental_monitoring/data/air_quality_2024-12-15_12-07-03.json
Processing /mnt/c/Users/Ahmad/Desktop/MLOPS/Project2/course-project-OsamaFahim654/enviromental_monitoring/data/air_quality_2024-12-15_12-33-03.json
Processing /mnt/c/Users/Ahmad/Desktop/MLOPS/Project2/course-project-OsamaFahim654/enviromental_monitoring/data/air_quality_2024-12-15_12-34-02.json
Processing /mnt/c/Users/Ahmad/Desktop/MLOPS/Project2/course-project-OsamaFahim654/enviromental_monitoring/data/air_quality_2024-12-15_12-35-02.json
Processing /mnt/c/Users/Ahmad/Desktop/MLOPS/Project2/course-project-OsamaFahim654/enviromental_monitoring/data/air_quality_2024-12-15_12-35-36.json
Processing /mnt/c/Users/Ahmad/Desktop/MLOPS/Project2/course-project-OsamaFahim654/enviromental_monitoring/data/air_quality_2024-12-15_12-36-02.json
Processing /mnt/c/Users/Ahmad/Desktop/MLOPS/Project2/course-project-OsamaFahim654/enviromental_monitoring/data/air_quality_2024-12-15_12-37-03.json
Processing /mnt/c/Users/Ahmad/Desktop/MLOPS/Project2/course-project-OsamaFahim654/enviromental_monitoring/data/air_quality_2024-12-15_12-38-02.json
Processing /mnt/c/Users/Ahmad/Desktop/MLOPS/Project2/course-project-OsamaFahim654/enviromental_monitoring/data/air_quality_2024-12-15_12-39-02.json
Processing /mnt/c/Users/Ahmad/Desktop/MLOPS/Project2/course-project-OsamaFahim654/enviromental_monitoring/data/air_quality_2024-12-15_12-40-00.json
Processing /mnt/c/Users/Ahmad/Desktop/MLOPS/Project2/course-project-OsamaFahim654/enviromental_monitoring/data/air_quality_2024-12-15_12-41-02.json
Processing /mnt/c/Users/Ahmad/Desktop/MLOPS/Project2/course-project-OsamaFahim654/enviromental_monitoring/data/air_quality_2024-12-15_12-42-02.json
Processing /mnt/c/Users/Ahmad/Desktop/MLOPS/Project2/course-project-OsamaFahim654/enviromental_monitoring/data/air_quality_2024-12-15_12-43-03.json
Processing /mnt/c/Users/Ahmad/Desktop/MLOPS/Project2/course-project-OsamaFahim654/enviromental_monitoring/data/air_quality_2024-12-15_12-44-02.json
Processing /mnt/c/Users/Ahmad/Desktop/MLOPS/Project2/course-project-OsamaFahim654/enviromental_monitoring/data/air_quality_2024-12-15_12-45-03.json
Processing /mnt/c/Users/Ahmad/Desktop/MLOPS/Project2/course-project-OsamaFahim654/enviromental_monitoring/data/air_quality_2024-12-15_12-46-03.json
Processing /mnt/c/Users/Ahmad/Desktop/MLOPS/Project2/course-project-OsamaFahim654/enviromental_monitoring/data/air_quality_2024-12-15_12-47-04.json
Processing /mnt/c/Users/Ahmad/Desktop/MLOPS/Project2/course-project-OsamaFahim654/enviromental_monitoring/data/air_quality_2024-12-15_12-48-03.json
Processing /mnt/c/Users/Ahmad/Desktop/MLOPS/Project2/course-project-OsamaFahim654/enviromental_monitoring/data/air_quality_2024-12-15_12-49-08.json
Processing /mnt/c/Users/Ahmad/Desktop/MLOPS/Project2/course-project-OsamaFahim654/enviromental_monitoring/data/air_quality_2024-12-15_12-50-04.json
Processing /mnt/c/Users/Ahmad/Desktop/MLOPS/Project2/course-project-OsamaFahim654/enviromental_monitoring/data/air_quality_2024-12-15_12-51-06.json
Processing /mnt/c/Users/Ahmad/Desktop/MLOPS/Project2/course-project-OsamaFahim654/enviromental_monitoring/data/air_quality_2024-12-15_12-52-02.json
Processing /mnt/c/Users/Ahmad/Desktop/MLOPS/Project2/course-project-OsamaFahim654/enviromental_monitoring/data/air_quality_2024-12-15_12-53-03.json
Processing /mnt/c/Users/Ahmad/Desktop/MLOPS/Project2/course-project-OsamaFahim654/enviromental_monitoring/data/air_quality_2024-12-15_12-54-04.json
Processing /mnt/c/Users/Ahmad/Desktop/MLOPS/Project2/course-project-OsamaFahim654/enviromental_monitoring/data/air_quality_2024-12-15_12-55-03.json
Processing /mnt/c/Users/Ahmad/Desktop/MLOPS/Project2/course-project-OsamaFahim654/enviromental_monitoring/data/air_quality_2024-12-15_12-56-07.json
Processing /mnt/c/Users/Ahmad/Desktop/MLOPS/Project2/course-project-OsamaFahim654/enviromental_monitoring/data/air_quality_2024-12-15_12-56-10.json
Processing /mnt/c/Users/Ahmad/Desktop/MLOPS/Project2/course-project-OsamaFahim654/enviromental_monitoring/data/air_quality_2024-12-15_12-57-06.json
Processing /mnt/c/Users/Ahmad/Desktop/MLOPS/Project2/course-project-OsamaFahim654/enviromental_monitoring/data/air_quality_2024-12-15_12-58-04.json
Processing /mnt/c/Users/Ahmad/Desktop/MLOPS/Project2/course-project-OsamaFahim654/enviromental_monitoring/data/air_quality_2024-12-15_12-59-03.json
Processing /mnt/c/Users/Ahmad/Desktop/MLOPS/Project2/course-project-OsamaFahim654/enviromental_monitoring/data/air_quality_2024-12-15_13-00-04.json
Processing /mnt/c/Users/Ahmad/Desktop/MLOPS/Project2/course-project-OsamaFahim654/enviromental_monitoring/data/air_quality_2024-12-15_13-01-04.json
Processing /mnt/c/Users/Ahmad/Desktop/MLOPS/Project2/course-project-OsamaFahim654/enviromental_monitoring/data/air_quality_2024-12-15_13-02-02.json
Processing /mnt/c/Users/Ahmad/Desktop/MLOPS/Project2/course-project-OsamaFahim654/enviromental_monitoring/data/air_quality_2024-12-15_13-03-03.json
Processing /mnt/c/Users/Ahmad/Desktop/MLOPS/Project2/course-project-OsamaFahim654/enviromental_monitoring/data/air_quality_2024-12-15_13-04-05.json
Processing /mnt/c/Users/Ahmad/Desktop/MLOPS/Project2/course-project-OsamaFahim654/enviromental_monitoring/data/air_quality_2024-12-15_13-05-02.json
Processing /mnt/c/Users/Ahmad/Desktop/MLOPS/Project2/course-project-OsamaFahim654/enviromental_monitoring/data/air_quality_2024-12-15_13-06-02.json
Processing /mnt/c/Users/Ahmad/Desktop/MLOPS/Project2/course-project-OsamaFahim654/enviromental_monitoring/data/air_quality_2024-12-15_13-07-02.json
Processing /mnt/c/Users/Ahmad/Desktop/MLOPS/Project2/course-project-OsamaFahim654/enviromental_monitoring/data/air_quality_2024-12-15_13-08-02.json
Processing /mnt/c/Users/Ahmad/Desktop/MLOPS/Project2/course-project-OsamaFahim654/enviromental_monitoring/data/air_quality_2024-12-15_13-09-04.json
Processing /mnt/c/Users/Ahmad/Desktop/MLOPS/Project2/course-project-OsamaFahim654/enviromental_monitoring/data/air_quality_2024-12-15_13-10-06.json
Processing /mnt/c/Users/Ahmad/Desktop/MLOPS/Project2/course-project-OsamaFahim654/enviromental_monitoring/data/air_quality_2024-12-15_13-11-02.json
Processing /mnt/c/Users/Ahmad/Desktop/MLOPS/Project2/course-project-OsamaFahim654/enviromental_monitoring/data/air_quality_2024-12-15_13-12-03.json
Processing /mnt/c/Users/Ahmad/Desktop/MLOPS/Project2/course-project-OsamaFahim654/enviromental_monitoring/data/air_quality_2024-12-15_13-26-52.json
Processing /mnt/c/Users/Ahmad/Desktop/MLOPS/Project2/course-project-OsamaFahim654/enviromental_monitoring/data/air_quality_2024-12-15_13-27-02.json
Processing /mnt/c/Users/Ahmad/Desktop/MLOPS/Project2/course-project-OsamaFahim654/enviromental_monitoring/data/air_quality_2024-12-15_13-28-04.json
Processing /mnt/c/Users/Ahmad/Desktop/MLOPS/Project2/course-project-OsamaFahim654/enviromental_monitoring/data/air_quality_2024-12-15_13-30-52.json
Processing /mnt/c/Users/Ahmad/Desktop/MLOPS/Project2/course-project-OsamaFahim654/enviromental_monitoring/data/air_quality_2024-12-15_13-30-55.json
Processing /mnt/c/Users/Ahmad/Desktop/MLOPS/Project2/course-project-OsamaFahim654/enviromental_monitoring/data/air_quality_2024-12-15_13-30-57.json
Processing /mnt/c/Users/Ahmad/Desktop/MLOPS/Project2/course-project-OsamaFahim654/enviromental_monitoring/data/air_quality_2024-12-15_13-30-58.json
Processing /mnt/c/Users/Ahmad/Desktop/MLOPS/Project2/course-project-OsamaFahim654/enviromental_monitoring/data/air_quality_2024-12-15_13-31-07.json
Processing /mnt/c/Users/Ahmad/Desktop/MLOPS/Project2/course-project-OsamaFahim654/enviromental_monitoring/data/air_quality_2024-12-15_13-49-06.json
Processing /mnt/c/Users/Ahmad/Desktop/MLOPS/Project2/course-project-OsamaFahim654/enviromental_monitoring/data/air_quality_2024-12-15_14-15-02.json
Processing /mnt/c/Users/Ahmad/Desktop/MLOPS/Project2/course-project-OsamaFahim654/enviromental_monitoring/data/air_quality_2024-12-15_14-20-02.json
Processing /mnt/c/Users/Ahmad/Desktop/MLOPS/Project2/course-project-OsamaFahim654/enviromental_monitoring/data/air_quality_2024-12-15_14-34-14.json
Processing /mnt/c/Users/Ahmad/Desktop/MLOPS/Project2/course-project-OsamaFahim654/enviromental_monitoring/data/air_quality_2024-12-15_14-35-53.json
Processing /mnt/c/Users/Ahmad/Desktop/MLOPS/Project2/course-project-OsamaFahim654/enviromental_monitoring/data/air_quality_2024-12-15_14-38-02.json
Processing /mnt/c/Users/Ahmad/Desktop/MLOPS/Project2/course-project-OsamaFahim654/enviromental_monitoring/data/air_quality_2024-12-15_14-39-02.json
Processing /mnt/c/Users/Ahmad/Desktop/MLOPS/Project2/course-project-OsamaFahim654/enviromental_monitoring/data/air_quality_2024-12-15_14-40-01.json
Processing /mnt/c/Users/Ahmad/Desktop/MLOPS/Project2/course-project-OsamaFahim654/enviromental_monitoring/data/air_quality_2024-12-15_16-03-51.json
Processing /mnt/c/Users/Ahmad/Desktop/MLOPS/Project2/course-project-OsamaFahim654/enviromental_monitoring/data/air_quality_2024-12-15_16-08-10.json
Processing /mnt/c/Users/Ahmad/Desktop/MLOPS/Project2/course-project-OsamaFahim654/enviromental_monitoring/data/air_quality_2024-12-15_16-15-14.json
Processing /mnt/c/Users/Ahmad/Desktop/MLOPS/Project2/course-project-OsamaFahim654/enviromental_monitoring/data/air_quality_2024-12-15_18-20-01.json
Processing /mnt/c/Users/Ahmad/Desktop/MLOPS/Project2/course-project-OsamaFahim654/enviromental_monitoring/data/air_quality_2024-12-15_19-00-01.json
/home/osama/.local/lib/python3.10/site-packages/statsmodels/tsa/statespace/sarimax.py:978: UserWarning: Non-invertible starting MA parameters found. Using zeros as starting parameters.
  warn('Non-invertible starting MA parameters found.'
/home/osama/.local/lib/python3.10/site-packages/statsmodels/tsa/statespace/sarimax.py:978: UserWarning: Non-invertible starting MA parameters found. Using zeros as starting parameters.
  warn('Non-invertible starting MA parameters found.'
/home/osama/.local/lib/python3.10/site-packages/statsmodels/tsa/statespace/sarimax.py:978: UserWarning: Non-invertible starting MA parameters found. Using zeros as starting parameters.
  warn('Non-invertible starting MA parameters found.'
/home/osama/.local/lib/python3.10/site-packages/statsmodels/tsa/statespace/sarimax.py:978: UserWarning: Non-invertible starting MA parameters found. Using zeros as starting parameters.
  warn('Non-invertible starting MA parameters found.'
/home/osama/.local/lib/python3.10/site-packages/statsmodels/tsa/statespace/sarimax.py:978: UserWarning: Non-invertible starting MA parameters found. Using zeros as starting parameters.
  warn('Non-invertible starting MA parameters found.'
/home/osama/.local/lib/python3.10/site-packages/statsmodels/tsa/statespace/sarimax.py:978: UserWarning: Non-invertible starting MA parameters found. Using zeros as starting parameters.
  warn('Non-invertible starting MA parameters found.'
/home/osama/.local/lib/python3.10/site-packages/statsmodels/tsa/statespace/sarimax.py:978: UserWarning: Non-invertible starting MA parameters found. Using zeros as starting parameters.
  warn('Non-invertible starting MA parameters found.'
/home/osama/.local/lib/python3.10/site-packages/statsmodels/tsa/statespace/sarimax.py:978: UserWarning: Non-invertible starting MA parameters found. Using zeros as starting parameters.
  warn('Non-invertible starting MA parameters found.'
/home/osama/.local/lib/python3.10/site-packages/statsmodels/tsa/statespace/sarimax.py:978: UserWarning: Non-invertible starting MA parameters found. Using zeros as starting parameters.
  warn('Non-invertible starting MA parameters found.'
/home/osama/.local/lib/python3.10/site-packages/statsmodels/tsa/statespace/sarimax.py:978: UserWarning: Non-invertible starting MA parameters found. Using zeros as starting parameters.
  warn('Non-invertible starting MA parameters found.'
/home/osama/.local/lib/python3.10/site-packages/statsmodels/tsa/statespace/sarimax.py:966: UserWarning: Non-stationary starting autoregressive parameters found. Using zeros as starting parameters.
  warn('Non-stationary starting autoregressive parameters'
/home/osama/.local/lib/python3.10/site-packages/statsmodels/tsa/statespace/sarimax.py:966: UserWarning: Non-stationary starting autoregressive parameters found. Using zeros as starting parameters.
  warn('Non-stationary starting autoregressive parameters'
/home/osama/.local/lib/python3.10/site-packages/statsmodels/tsa/statespace/sarimax.py:966: UserWarning: Non-stationary starting autoregressive parameters found. Using zeros as starting parameters.
  warn('Non-stationary starting autoregressive parameters'
/home/osama/.local/lib/python3.10/site-packages/statsmodels/tsa/statespace/sarimax.py:966: UserWarning: Non-stationary starting autoregressive parameters found. Using zeros as starting parameters.
  warn('Non-stationary starting autoregressive parameters'
/home/osama/.local/lib/python3.10/site-packages/statsmodels/tsa/statespace/sarimax.py:966: UserWarning: Non-stationary starting autoregressive parameters found. Using zeros as starting parameters.
  warn('Non-stationary starting autoregressive parameters'
/home/osama/.local/lib/python3.10/site-packages/statsmodels/tsa/statespace/sarimax.py:966: UserWarning: Non-stationary starting autoregressive parameters found. Using zeros as starting parameters.
  warn('Non-stationary starting autoregressive parameters'
/home/osama/.local/lib/python3.10/site-packages/statsmodels/tsa/statespace/sarimax.py:966: UserWarning: Non-stationary starting autoregressive parameters found. Using zeros as starting parameters.
  warn('Non-stationary starting autoregressive parameters'
/home/osama/.local/lib/python3.10/site-packages/statsmodels/tsa/statespace/sarimax.py:978: UserWarning: Non-invertible starting MA parameters found. Using zeros as starting parameters.
  warn('Non-invertible starting MA parameters found.'
/home/osama/.local/lib/python3.10/site-packages/statsmodels/tsa/statespace/sarimax.py:966: UserWarning: Non-stationary starting autoregressive parameters found. Using zeros as starting parameters.
  warn('Non-stationary starting autoregressive parameters'
/home/osama/.local/lib/python3.10/site-packages/statsmodels/tsa/statespace/sarimax.py:966: UserWarning: Non-stationary starting autoregressive parameters found. Using zeros as starting parameters.
  warn('Non-stationary starting autoregressive parameters'
/home/osama/.local/lib/python3.10/site-packages/statsmodels/tsa/statespace/sarimax.py:978: UserWarning: Non-invertible starting MA parameters found. Using zeros as starting parameters.
  warn('Non-invertible starting MA parameters found.'
/home/osama/.local/lib/python3.10/site-packages/statsmodels/tsa/statespace/sarimax.py:966: UserWarning: Non-stationary starting autoregressive parameters found. Using zeros as starting parameters.
  warn('Non-stationary starting autoregressive parameters'
/home/osama/.local/lib/python3.10/site-packages/statsmodels/tsa/statespace/sarimax.py:978: UserWarning: Non-invertible starting MA parameters found. Using zeros as starting parameters.
  warn('Non-invertible starting MA parameters found.'
/home/osama/.local/lib/python3.10/site-packages/statsmodels/tsa/statespace/sarimax.py:966: UserWarning: Non-stationary starting autoregressive parameters found. Using zeros as starting parameters.
  warn('Non-stationary starting autoregressive parameters'
/home/osama/.local/lib/python3.10/site-packages/statsmodels/tsa/statespace/sarimax.py:978: UserWarning: Non-invertible starting MA parameters found. Using zeros as starting parameters.
  warn('Non-invertible starting MA parameters found.'
/home/osama/.local/lib/python3.10/site-packages/statsmodels/tsa/statespace/sarimax.py:966: UserWarning: Non-stationary starting autoregressive parameters found. Using zeros as starting parameters.
  warn('Non-stationary starting autoregressive parameters'
/home/osama/.local/lib/python3.10/site-packages/statsmodels/base/model.py:607: ConvergenceWarning: Maximum Likelihood optimization failed to converge. Check mle_retvals
  warnings.warn("Maximum Likelihood optimization failed to "
/home/osama/.local/lib/python3.10/site-packages/statsmodels/tsa/statespace/sarimax.py:966: UserWarning: Non-stationary starting autoregressive parameters found. Using zeros as starting parameters.
  warn('Non-stationary starting autoregressive parameters'
/home/osama/.local/lib/python3.10/site-packages/statsmodels/tsa/statespace/sarimax.py:966: UserWarning: Non-stationary starting autoregressive parameters found. Using zeros as starting parameters.
  warn('Non-stationary starting autoregressive parameters'
/home/osama/.local/lib/python3.10/site-packages/statsmodels/tsa/statespace/sarimax.py:966: UserWarning: Non-stationary starting autoregressive parameters found. Using zeros as starting parameters.
  warn('Non-stationary starting autoregressive parameters'
/home/osama/.local/lib/python3.10/site-packages/statsmodels/tsa/statespace/sarimax.py:966: UserWarning: Non-stationary starting autoregressive parameters found. Using zeros as starting parameters.
  warn('Non-stationary starting autoregressive parameters'
[31m2024/12/15 19:00:35 WARNING mlflow.models.model: Model logged without a signature and input example. Please set `input_example` parameter when logging the model to auto infer the model signature.[0m
Training ARIMA(0,0,0)...
Training ARIMA(0,0,1)...
Training ARIMA(0,0,2)...
Training ARIMA(0,1,0)...
Training ARIMA(0,1,1)...
Training ARIMA(0,1,2)...
Training ARIMA(1,0,0)...
Training ARIMA(1,0,1)...
Training ARIMA(1,0,2)...
Training ARIMA(1,1,0)...
Training ARIMA(1,1,1)...
Training ARIMA(1,1,2)...
Training ARIMA(2,0,0)...
Training ARIMA(2,0,1)...
Training ARIMA(2,0,2)...
Training ARIMA(2,1,0)...
Training ARIMA(2,1,1)...
Training ARIMA(2,1,2)...
Best ARIMA Model: ARIMA(0, 0, 2) with RMSE: 19.95242771658227
RMSE: 22.613682115694896
MAE: 15.080692452138557
R2: -0.10371170665350382
Running /mnt/c/Users/Ahmad/Desktop/MLOPS/Project2/course-project-OsamaFahim654/enviromental_monitoring/Data_collections.py...
Running /mnt/c/Users/Ahmad/Desktop/MLOPS/Project2/course-project-OsamaFahim654/enviromental_monitoring/data_preprocessing.py...
Running /mnt/c/Users/Ahmad/Desktop/MLOPS/Project2/course-project-OsamaFahim654/enviromental_monitoring/train_model.py...
All tasks completed successfully.
